This is pdfTeX, Version 3.1415926-2.4-1.40.13 (MiKTeX 2.9 64-bit) (preloaded format=pdflatex 2012.10.22)  14 MAR 2013 22:15
entering extended mode
**FinalMain.tex

("F:\Eigene Dateien\Jo\Studium\Informatik\PSE\GitRepository\KIT-PSE-Docs\LaTeX 
Final\FinalMain.tex"
LaTeX2e <2011/06/27>
Babel <v3.8m> and hyphenation patterns for english, afrikaans, ancientgreek, ar
abic, armenian, assamese, basque, bengali, bokmal, bulgarian, catalan, coptic, 
croatian, czech, danish, dutch, esperanto, estonian, farsi, finnish, french, ga
lician, german, german-x-2012-05-30, greek, gujarati, hindi, hungarian, iceland
ic, indonesian, interlingua, irish, italian, kannada, kurmanji, latin, latvian,
 lithuanian, malayalam, marathi, mongolian, mongolianlmc, monogreek, ngerman, n
german-x-2012-05-30, nynorsk, oriya, panjabi, pinyin, polish, portuguese, roman
ian, russian, sanskrit, serbian, slovak, slovenian, spanish, swedish, swissgerm
an, tamil, telugu, turkish, turkmen, ukenglish, ukrainian, uppersorbian, usengl
ishmax, welsh, loaded.
(C:\Users\Jonathan\AppData\Roaming\MiKTeX\2.9\tex\latex\beamer\base\beamer.cls
(C:\Users\Jonathan\AppData\Roaming\MiKTeX\2.9\tex\latex\beamer\base\beamerbaser
cs.sty
Package: beamerbasercs 2012/09/19 (rcs-revision 9cdb60d8ebed)
)
Document Class: beamer 2011/09/12 development version 3.22 A class for typesett
ing presentations (rcs-revision 70f9d8411e54)

(C:\Users\Jonathan\AppData\Roaming\MiKTeX\2.9\tex\latex\beamer\base\beamerbasem
odes.sty
Package: beamerbasemodes 2012/04/15 (rcs-revision cc6557182d97)
\beamer@tempbox=\box26
\beamer@tempcount=\count79
\c@beamerpauses=\count80

(C:\Users\Jonathan\AppData\Roaming\MiKTeX\2.9\tex\latex\beamer\base\beamerbased
ecode.sty
Package: beamerbasedecode 2010/05/01 (rcs-revision efa082c6111d)
\beamer@slideinframe=\count81
\beamer@minimum=\count82
)
\beamer@commentbox=\box27
\beamer@modecount=\count83
)
("C:\Program Files\Programmieren\Latex\MiKTeX\tex\generic\oberdiek\ifpdf.sty"
Package: ifpdf 2011/01/30 v2.3 Provides the ifpdf switch (HO)
Package ifpdf Info: pdfTeX in PDF mode is detected.
)
\headheight=\dimen102
\headdp=\dimen103
\footheight=\dimen104
\sidebarheight=\dimen105
\beamer@tempdim=\dimen106
\beamer@finalheight=\dimen107
\beamer@animht=\dimen108
\beamer@animdp=\dimen109
\beamer@animwd=\dimen110
\beamer@leftmargin=\dimen111
\beamer@rightmargin=\dimen112
\beamer@leftsidebar=\dimen113
\beamer@rightsidebar=\dimen114
\beamer@boxsize=\dimen115
\beamer@vboxoffset=\dimen116
\beamer@descdefault=\dimen117
\beamer@descriptionwidth=\dimen118
\beamer@lastskip=\skip41
\beamer@areabox=\box28
\beamer@animcurrent=\box29
\beamer@animshowbox=\box30
\beamer@sectionbox=\box31
\beamer@logobox=\box32
\beamer@linebox=\box33
\beamer@sectioncount=\count84
\beamer@subsubsectionmax=\count85
\beamer@subsectionmax=\count86
\beamer@sectionmax=\count87
\beamer@totalheads=\count88
\beamer@headcounter=\count89
\beamer@partstartpage=\count90
\beamer@sectionstartpage=\count91
\beamer@subsectionstartpage=\count92
\beamer@animationtempa=\count93
\beamer@animationtempb=\count94
\beamer@xpos=\count95
\beamer@ypos=\count96
\beamer@showpartnumber=\count97
\beamer@currentsubsection=\count98
\beamer@coveringdepth=\count99
\beamer@sectionadjust=\count100
\beamer@tocsectionnumber=\count101

(C:\Users\Jonathan\AppData\Roaming\MiKTeX\2.9\tex\latex\beamer\base\beamerbaseo
ptions.sty
Package: beamerbaseoptions 2010/04/27 (rcs-revision 982469101dd6)

("C:\Program Files\Programmieren\Latex\MiKTeX\tex\latex\graphics\keyval.sty"
Package: keyval 1999/03/16 v1.13 key=value parser (DPC)
\KV@toks@=\toks14
))
\beamer@paperwidth=\skip42
\beamer@paperheight=\skip43

("C:\Program Files\Programmieren\Latex\MiKTeX\tex\latex\geometry\geometry.sty"
Package: geometry 2010/09/12 v5.6 Page Geometry

("C:\Program Files\Programmieren\Latex\MiKTeX\tex\generic\oberdiek\ifvtex.sty"
Package: ifvtex 2010/03/01 v1.5 Detect VTeX and its facilities (HO)
Package ifvtex Info: VTeX not detected.
) ("C:\Program Files\Programmieren\Latex\MiKTeX\tex\generic\ifxetex\ifxetex.sty
"
Package: ifxetex 2010/09/12 v0.6 Provides ifxetex conditional
)
\Gm@cnth=\count102
\Gm@cntv=\count103
\c@Gm@tempcnt=\count104
\Gm@bindingoffset=\dimen119
\Gm@wd@mp=\dimen120
\Gm@odd@mp=\dimen121
\Gm@even@mp=\dimen122
\Gm@layoutwidth=\dimen123
\Gm@layoutheight=\dimen124
\Gm@layouthoffset=\dimen125
\Gm@layoutvoffset=\dimen126
\Gm@dimlist=\toks15
 ("C:\Program Files\Programmieren\Latex\MiKTeX\tex\latex\geometry\geometry.cfg"
)) ("C:\Program Files\Programmieren\Latex\MiKTeX\tex\latex\base\size11.clo"
File: size11.clo 2007/10/19 v1.4h Standard LaTeX file (size option)
)
(C:\Users\Jonathan\AppData\Roaming\MiKTeX\2.9\tex\latex\pgf\basiclayer\pgfcore.
sty
("C:\Program Files\Programmieren\Latex\MiKTeX\tex\latex\graphics\graphicx.sty"
Package: graphicx 1999/02/16 v1.0f Enhanced LaTeX Graphics (DPC,SPQR)

("C:\Program Files\Programmieren\Latex\MiKTeX\tex\latex\graphics\graphics.sty"
Package: graphics 2009/02/05 v1.0o Standard LaTeX Graphics (DPC,SPQR)

("C:\Program Files\Programmieren\Latex\MiKTeX\tex\latex\graphics\trig.sty"
Package: trig 1999/03/16 v1.09 sin cos tan (DPC)
)
("C:\Program Files\Programmieren\Latex\MiKTeX\tex\latex\00miktex\graphics.cfg"
File: graphics.cfg 2007/01/18 v1.5 graphics configuration of teTeX/TeXLive
)
Package graphics Info: Driver file: pdftex.def on input line 91.
("C:\Program Files\Programmieren\Latex\MiKTeX\tex\latex\pdftex-def\pdftex.def"
File: pdftex.def 2011/05/27 v0.06d Graphics/color for pdfTeX

("C:\Program Files\Programmieren\Latex\MiKTeX\tex\generic\oberdiek\infwarerr.st
y"
Package: infwarerr 2010/04/08 v1.3 Providing info/warning/error messages (HO)
)
("C:\Program Files\Programmieren\Latex\MiKTeX\tex\generic\oberdiek\ltxcmds.sty"
Package: ltxcmds 2011/11/09 v1.22 LaTeX kernel commands for general use (HO)
)
\Gread@gobject=\count105
))
\Gin@req@height=\dimen127
\Gin@req@width=\dimen128
)
(C:\Users\Jonathan\AppData\Roaming\MiKTeX\2.9\tex\latex\pgf\systemlayer\pgfsys.
sty
(C:\Users\Jonathan\AppData\Roaming\MiKTeX\2.9\tex\latex\pgf\utilities\pgfrcs.st
y
(C:\Users\Jonathan\AppData\Roaming\MiKTeX\2.9\tex\generic\pgf\utilities\pgfutil
-common.tex
\pgfutil@everybye=\toks16
)
(C:\Users\Jonathan\AppData\Roaming\MiKTeX\2.9\tex\generic\pgf\utilities\pgfutil
-latex.def
\pgfutil@abb=\box34

(C:\Users\Jonathan\AppData\Roaming\MiKTeX\2.9\tex\latex\ms\everyshi.sty
Package: everyshi 2001/05/15 v3.00 EveryShipout Package (MS)
))
(C:\Users\Jonathan\AppData\Roaming\MiKTeX\2.9\tex\generic\pgf\utilities\pgfrcs.
code.tex
Package: pgfrcs 2010/10/25 v2.10 (rcs-revision 1.24)
))
(C:\Users\Jonathan\AppData\Roaming\MiKTeX\2.9\tex\generic\pgf\systemlayer\pgfsy
s.code.tex
Package: pgfsys 2010/06/30 v2.10 (rcs-revision 1.37)

(C:\Users\Jonathan\AppData\Roaming\MiKTeX\2.9\tex\generic\pgf\utilities\pgfkeys
.code.tex
\pgfkeys@pathtoks=\toks17
\pgfkeys@temptoks=\toks18

(C:\Users\Jonathan\AppData\Roaming\MiKTeX\2.9\tex\generic\pgf\utilities\pgfkeys
filtered.code.tex
\pgfkeys@tmptoks=\toks19
))
\pgf@x=\dimen129
\pgf@y=\dimen130
\pgf@xa=\dimen131
\pgf@ya=\dimen132
\pgf@xb=\dimen133
\pgf@yb=\dimen134
\pgf@xc=\dimen135
\pgf@yc=\dimen136
\w@pgf@writea=\write3
\r@pgf@reada=\read1
\c@pgf@counta=\count106
\c@pgf@countb=\count107
\c@pgf@countc=\count108
\c@pgf@countd=\count109

(C:\Users\Jonathan\AppData\Roaming\MiKTeX\2.9\tex\generic\pgf\systemlayer\pgf.c
fg
File: pgf.cfg 2008/05/14  (rcs-revision 1.7)
)
Package pgfsys Info: Driver file for pgf: pgfsys-pdftex.def on input line 900.

(C:\Users\Jonathan\AppData\Roaming\MiKTeX\2.9\tex\generic\pgf\systemlayer\pgfsy
s-pdftex.def
File: pgfsys-pdftex.def 2009/05/22  (rcs-revision 1.26)

(C:\Users\Jonathan\AppData\Roaming\MiKTeX\2.9\tex\generic\pgf\systemlayer\pgfsy
s-common-pdf.def
File: pgfsys-common-pdf.def 2008/05/19  (rcs-revision 1.10)
)))
(C:\Users\Jonathan\AppData\Roaming\MiKTeX\2.9\tex\generic\pgf\systemlayer\pgfsy
ssoftpath.code.tex
File: pgfsyssoftpath.code.tex 2008/07/18  (rcs-revision 1.7)
\pgfsyssoftpath@smallbuffer@items=\count110
\pgfsyssoftpath@bigbuffer@items=\count111
)
(C:\Users\Jonathan\AppData\Roaming\MiKTeX\2.9\tex\generic\pgf\systemlayer\pgfsy
sprotocol.code.tex
File: pgfsysprotocol.code.tex 2006/10/16  (rcs-revision 1.4)
))
(C:\Users\Jonathan\AppData\Roaming\MiKTeX\2.9\tex\latex\xcolor\xcolor.sty
Package: xcolor 2007/01/21 v2.11 LaTeX color extensions (UK)

("C:\Program Files\Programmieren\Latex\MiKTeX\tex\latex\00miktex\color.cfg"
File: color.cfg 2007/01/18 v1.5 color configuration of teTeX/TeXLive
)
Package xcolor Info: Driver file: pdftex.def on input line 225.
Package xcolor Info: Model `cmy' substituted by `cmy0' on input line 1337.
Package xcolor Info: Model `hsb' substituted by `rgb' on input line 1341.
Package xcolor Info: Model `RGB' extended on input line 1353.
Package xcolor Info: Model `HTML' substituted by `rgb' on input line 1355.
Package xcolor Info: Model `Hsb' substituted by `hsb' on input line 1356.
Package xcolor Info: Model `tHsb' substituted by `hsb' on input line 1357.
Package xcolor Info: Model `HSB' substituted by `hsb' on input line 1358.
Package xcolor Info: Model `Gray' substituted by `gray' on input line 1359.
Package xcolor Info: Model `wave' substituted by `hsb' on input line 1360.

("C:\Program Files\Programmieren\Latex\MiKTeX\tex\latex\graphics\dvipsnam.def"
File: dvipsnam.def 1999/02/16 v3.0i Driver-dependant file (DPC,SPQR)
))
(C:\Users\Jonathan\AppData\Roaming\MiKTeX\2.9\tex\generic\pgf\basiclayer\pgfcor
e.code.tex
Package: pgfcore 2010/04/11 v2.10 (rcs-revision 1.7)

(C:\Users\Jonathan\AppData\Roaming\MiKTeX\2.9\tex\generic\pgf\math\pgfmath.code
.tex
(C:\Users\Jonathan\AppData\Roaming\MiKTeX\2.9\tex\generic\pgf\math\pgfmathcalc.
code.tex
(C:\Users\Jonathan\AppData\Roaming\MiKTeX\2.9\tex\generic\pgf\math\pgfmathutil.
code.tex)
(C:\Users\Jonathan\AppData\Roaming\MiKTeX\2.9\tex\generic\pgf\math\pgfmathparse
r.code.tex
\pgfmath@dimen=\dimen137
\pgfmath@count=\count112
\pgfmath@box=\box35
\pgfmath@toks=\toks20
\pgfmath@stack@operand=\toks21
\pgfmath@stack@operation=\toks22
)
(C:\Users\Jonathan\AppData\Roaming\MiKTeX\2.9\tex\generic\pgf\math\pgfmathfunct
ions.code.tex
(C:\Users\Jonathan\AppData\Roaming\MiKTeX\2.9\tex\generic\pgf\math\pgfmathfunct
ions.basic.code.tex)
(C:\Users\Jonathan\AppData\Roaming\MiKTeX\2.9\tex\generic\pgf\math\pgfmathfunct
ions.trigonometric.code.tex)
(C:\Users\Jonathan\AppData\Roaming\MiKTeX\2.9\tex\generic\pgf\math\pgfmathfunct
ions.random.code.tex)
(C:\Users\Jonathan\AppData\Roaming\MiKTeX\2.9\tex\generic\pgf\math\pgfmathfunct
ions.comparison.code.tex)
(C:\Users\Jonathan\AppData\Roaming\MiKTeX\2.9\tex\generic\pgf\math\pgfmathfunct
ions.base.code.tex)
(C:\Users\Jonathan\AppData\Roaming\MiKTeX\2.9\tex\generic\pgf\math\pgfmathfunct
ions.round.code.tex)
(C:\Users\Jonathan\AppData\Roaming\MiKTeX\2.9\tex\generic\pgf\math\pgfmathfunct
ions.misc.code.tex)))
(C:\Users\Jonathan\AppData\Roaming\MiKTeX\2.9\tex\generic\pgf\math\pgfmathfloat
.code.tex
\c@pgfmathroundto@lastzeros=\count113
))
(C:\Users\Jonathan\AppData\Roaming\MiKTeX\2.9\tex\generic\pgf\basiclayer\pgfcor
epoints.code.tex
File: pgfcorepoints.code.tex 2010/04/09  (rcs-revision 1.20)
\pgf@picminx=\dimen138
\pgf@picmaxx=\dimen139
\pgf@picminy=\dimen140
\pgf@picmaxy=\dimen141
\pgf@pathminx=\dimen142
\pgf@pathmaxx=\dimen143
\pgf@pathminy=\dimen144
\pgf@pathmaxy=\dimen145
\pgf@xx=\dimen146
\pgf@xy=\dimen147
\pgf@yx=\dimen148
\pgf@yy=\dimen149
\pgf@zx=\dimen150
\pgf@zy=\dimen151
)
(C:\Users\Jonathan\AppData\Roaming\MiKTeX\2.9\tex\generic\pgf\basiclayer\pgfcor
epathconstruct.code.tex
File: pgfcorepathconstruct.code.tex 2010/08/03  (rcs-revision 1.24)
\pgf@path@lastx=\dimen152
\pgf@path@lasty=\dimen153
)
(C:\Users\Jonathan\AppData\Roaming\MiKTeX\2.9\tex\generic\pgf\basiclayer\pgfcor
epathusage.code.tex
File: pgfcorepathusage.code.tex 2008/04/22  (rcs-revision 1.12)
\pgf@shorten@end@additional=\dimen154
\pgf@shorten@start@additional=\dimen155
)
(C:\Users\Jonathan\AppData\Roaming\MiKTeX\2.9\tex\generic\pgf\basiclayer\pgfcor
escopes.code.tex
File: pgfcorescopes.code.tex 2010/09/08  (rcs-revision 1.34)
\pgfpic=\box36
\pgf@hbox=\box37
\pgf@layerbox@main=\box38
\pgf@picture@serial@count=\count114
)
(C:\Users\Jonathan\AppData\Roaming\MiKTeX\2.9\tex\generic\pgf\basiclayer\pgfcor
egraphicstate.code.tex
File: pgfcoregraphicstate.code.tex 2008/04/22  (rcs-revision 1.9)
\pgflinewidth=\dimen156
)
(C:\Users\Jonathan\AppData\Roaming\MiKTeX\2.9\tex\generic\pgf\basiclayer\pgfcor
etransformations.code.tex
File: pgfcoretransformations.code.tex 2009/06/10  (rcs-revision 1.11)
\pgf@pt@x=\dimen157
\pgf@pt@y=\dimen158
\pgf@pt@temp=\dimen159
)
(C:\Users\Jonathan\AppData\Roaming\MiKTeX\2.9\tex\generic\pgf\basiclayer\pgfcor
equick.code.tex
File: pgfcorequick.code.tex 2008/10/09  (rcs-revision 1.3)
)
(C:\Users\Jonathan\AppData\Roaming\MiKTeX\2.9\tex\generic\pgf\basiclayer\pgfcor
eobjects.code.tex
File: pgfcoreobjects.code.tex 2006/10/11  (rcs-revision 1.2)
)
(C:\Users\Jonathan\AppData\Roaming\MiKTeX\2.9\tex\generic\pgf\basiclayer\pgfcor
epathprocessing.code.tex
File: pgfcorepathprocessing.code.tex 2008/10/09  (rcs-revision 1.8)
)
(C:\Users\Jonathan\AppData\Roaming\MiKTeX\2.9\tex\generic\pgf\basiclayer\pgfcor
earrows.code.tex
File: pgfcorearrows.code.tex 2008/04/23  (rcs-revision 1.11)
)
(C:\Users\Jonathan\AppData\Roaming\MiKTeX\2.9\tex\generic\pgf\basiclayer\pgfcor
eshade.code.tex
File: pgfcoreshade.code.tex 2008/11/23  (rcs-revision 1.13)
\pgf@max=\dimen160
\pgf@sys@shading@range@num=\count115
)
(C:\Users\Jonathan\AppData\Roaming\MiKTeX\2.9\tex\generic\pgf\basiclayer\pgfcor
eimage.code.tex
File: pgfcoreimage.code.tex 2010/03/25  (rcs-revision 1.16)

(C:\Users\Jonathan\AppData\Roaming\MiKTeX\2.9\tex\generic\pgf\basiclayer\pgfcor
eexternal.code.tex
File: pgfcoreexternal.code.tex 2010/09/01  (rcs-revision 1.17)
\pgfexternal@startupbox=\box39
))
(C:\Users\Jonathan\AppData\Roaming\MiKTeX\2.9\tex\generic\pgf\basiclayer\pgfcor
elayers.code.tex
File: pgfcorelayers.code.tex 2010/08/27  (rcs-revision 1.2)
)
(C:\Users\Jonathan\AppData\Roaming\MiKTeX\2.9\tex\generic\pgf\basiclayer\pgfcor
etransparency.code.tex
File: pgfcoretransparency.code.tex 2008/01/17  (rcs-revision 1.2)
)
(C:\Users\Jonathan\AppData\Roaming\MiKTeX\2.9\tex\generic\pgf\basiclayer\pgfcor
epatterns.code.tex
File: pgfcorepatterns.code.tex 2009/07/02  (rcs-revision 1.3)
)))
(C:\Users\Jonathan\AppData\Roaming\MiKTeX\2.9\tex\latex\pgf\utilities\xxcolor.s
ty
Package: xxcolor 2003/10/24 ver 0.1
\XC@nummixins=\count116
\XC@countmixins=\count117
)
("C:\Program Files\Programmieren\Latex\MiKTeX\tex\latex\hyperref\hyperref.sty"
Package: hyperref 2012/10/15 v6.83k Hypertext links for LaTeX

("C:\Program Files\Programmieren\Latex\MiKTeX\tex\generic\oberdiek\hobsub-hyper
ref.sty"
Package: hobsub-hyperref 2012/04/25 v1.12 Bundle oberdiek, subset hyperref (HO)


("C:\Program Files\Programmieren\Latex\MiKTeX\tex\generic\oberdiek\hobsub-gener
ic.sty"
Package: hobsub-generic 2012/04/25 v1.12 Bundle oberdiek, subset generic (HO)
Package: hobsub 2012/04/25 v1.12 Construct package bundles (HO)
Package hobsub Info: Skipping package `infwarerr' (already loaded).
Package hobsub Info: Skipping package `ltxcmds' (already loaded).
Package: ifluatex 2010/03/01 v1.3 Provides the ifluatex switch (HO)
Package ifluatex Info: LuaTeX not detected.
Package hobsub Info: Skipping package `ifvtex' (already loaded).
Package: intcalc 2007/09/27 v1.1 Expandable calculations with integers (HO)
Package hobsub Info: Skipping package `ifpdf' (already loaded).
Package: etexcmds 2011/02/16 v1.5 Avoid name clashes with e-TeX commands (HO)
Package etexcmds Info: Could not find \expanded.
(etexcmds)             That can mean that you are not using pdfTeX 1.50 or
(etexcmds)             that some package has redefined \expanded.
(etexcmds)             In the latter case, load this package earlier.
Package: kvsetkeys 2012/04/25 v1.16 Key value parser (HO)
Package: kvdefinekeys 2011/04/07 v1.3 Define keys (HO)
Package: pdftexcmds 2011/11/29 v0.20 Utility functions of pdfTeX for LuaTeX (HO
)
Package pdftexcmds Info: LuaTeX not detected.
Package pdftexcmds Info: \pdf@primitive is available.
Package pdftexcmds Info: \pdf@ifprimitive is available.
Package pdftexcmds Info: \pdfdraftmode found.
Package: pdfescape 2011/11/25 v1.13 Implements pdfTeX's escape features (HO)
Package: bigintcalc 2012/04/08 v1.3 Expandable calculations on big integers (HO
)
Package: bitset 2011/01/30 v1.1 Handle bit-vector datatype (HO)
Package: uniquecounter 2011/01/30 v1.2 Provide unlimited unique counter (HO)
)
Package hobsub Info: Skipping package `hobsub' (already loaded).
Package: letltxmacro 2010/09/02 v1.4 Let assignment for LaTeX macros (HO)
Package: hopatch 2011/06/24 v1.1 Wrapper for package hooks (HO)
Package: xcolor-patch 2011/01/30 xcolor patch
Package: atveryend 2011/06/30 v1.8 Hooks at the very end of document (HO)
Package atveryend Info: \enddocument detected (standard20110627).
Package: atbegshi 2011/10/05 v1.16 At begin shipout hook (HO)
Package: refcount 2011/10/16 v3.4 Data extraction from label references (HO)
Package: hycolor 2011/01/30 v1.7 Color options for hyperref/bookmark (HO)
)
("C:\Program Files\Programmieren\Latex\MiKTeX\tex\latex\oberdiek\auxhook.sty"
Package: auxhook 2011/03/04 v1.3 Hooks for auxiliary files (HO)
)
("C:\Program Files\Programmieren\Latex\MiKTeX\tex\latex\oberdiek\kvoptions.sty"
Package: kvoptions 2011/06/30 v3.11 Key value format for package options (HO)
)
\@linkdim=\dimen161
\Hy@linkcounter=\count118
\Hy@pagecounter=\count119
 ("C:\Program Files\Programmieren\Latex\MiKTeX\tex\latex\hyperref\pd1enc.def"
File: pd1enc.def 2012/10/15 v6.83k Hyperref: PDFDocEncoding definition (HO)
)
\Hy@SavedSpaceFactor=\count120
("C:\Program Files\Programmieren\Latex\MiKTeX\tex\latex\00miktex\hyperref.cfg"
File: hyperref.cfg 2002/06/06 v1.2 hyperref configuration of TeXLive
)
Package hyperref Info: Option `bookmarks' set `true' on input line 4198.
Package hyperref Info: Option `bookmarksopen' set `true' on input line 4198.
Package hyperref Info: Option `implicit' set `false' on input line 4198.
Package hyperref Info: Hyper figures OFF on input line 4322.
Package hyperref Info: Link nesting OFF on input line 4327.
Package hyperref Info: Hyper index ON on input line 4330.
Package hyperref Info: Plain pages OFF on input line 4337.
Package hyperref Info: Backreferencing OFF on input line 4342.
Package hyperref Info: Implicit mode OFF; no redefinition of LaTeX internals.
Package hyperref Info: Bookmarks ON on input line 4567.
\c@Hy@tempcnt=\count121
("C:\Program Files\Programmieren\Latex\MiKTeX\tex\latex\ltxmisc\url.sty"
\Urlmuskip=\muskip10
Package: url 2006/04/12  ver 3.3  Verb mode for urls, etc.
)
LaTeX Info: Redefining \url on input line 4920.
\XeTeXLinkMargin=\dimen162
\Fld@menulength=\count122
\Field@Width=\dimen163
\Fld@charsize=\dimen164
Package hyperref Info: Hyper figures OFF on input line 6174.
Package hyperref Info: Link nesting OFF on input line 6179.
Package hyperref Info: Hyper index ON on input line 6182.
Package hyperref Info: backreferencing OFF on input line 6189.
Package hyperref Info: Link coloring OFF on input line 6194.
Package hyperref Info: Link coloring with OCG OFF on input line 6199.
Package hyperref Info: PDF/A mode OFF on input line 6204.
LaTeX Info: Redefining \ref on input line 6244.
LaTeX Info: Redefining \pageref on input line 6248.
\Hy@abspage=\count123


Package hyperref Message: Stopped early.

)

Package hyperref Message: Driver (autodetected): hpdftex.

("C:\Program Files\Programmieren\Latex\MiKTeX\tex\latex\hyperref\hpdftex.def"
File: hpdftex.def 2012/10/15 v6.83k Hyperref driver for pdfTeX
\Fld@listcount=\count124
\c@bookmark@seq@number=\count125

("C:\Program Files\Programmieren\Latex\MiKTeX\tex\latex\oberdiek\rerunfilecheck
.sty"
Package: rerunfilecheck 2011/04/15 v1.7 Rerun checks for auxiliary files (HO)
Package uniquecounter Info: New unique counter `rerunfilecheck' on input line 2
82.
))
(C:\Users\Jonathan\AppData\Roaming\MiKTeX\2.9\tex\latex\beamer\base\beamerbaser
equires.sty
Package: beamerbaserequires 2010/05/01  (rcs-revision efa082c6111d)

(C:\Users\Jonathan\AppData\Roaming\MiKTeX\2.9\tex\latex\beamer\base\beamerbasec
ompatibility.sty
Package: beamerbasecompatibility 2012/05/01  (rcs-revision 67c48b3b652d)
)
(C:\Users\Jonathan\AppData\Roaming\MiKTeX\2.9\tex\latex\beamer\base\beamerbasef
ont.sty
Package: beamerbasefont 2012/09/19  (rcs-revision 733629cd0c6c)

("C:\Program Files\Programmieren\Latex\MiKTeX\tex\latex\amsfonts\amssymb.sty"
Package: amssymb 2009/06/22 v3.00

("C:\Program Files\Programmieren\Latex\MiKTeX\tex\latex\amsfonts\amsfonts.sty"
Package: amsfonts 2009/06/22 v3.00 Basic AMSFonts support
\@emptytoks=\toks23
\symAMSa=\mathgroup4
\symAMSb=\mathgroup5
LaTeX Font Info:    Overwriting math alphabet `\mathfrak' in version `bold'
(Font)                  U/euf/m/n --> U/euf/b/n on input line 96.
)))
(C:\Users\Jonathan\AppData\Roaming\MiKTeX\2.9\tex\latex\beamer\base\beamerbaset
ranslator.sty
Package: beamerbasetranslator 2010/06/11  (rcs-revision 85fd1cc7fc42)

(C:\Users\Jonathan\AppData\Roaming\MiKTeX\2.9\tex\latex\beamer\base\translator\
translator.sty
Package: translator 2010/06/12 ver 1.10

(C:\Users\Jonathan\AppData\Roaming\MiKTeX\2.9\tex\latex\beamer\base\translator\
translator-language-mappings.tex)))
(C:\Users\Jonathan\AppData\Roaming\MiKTeX\2.9\tex\latex\beamer\base\beamerbasem
isc.sty
Package: beamerbasemisc 2012/02/24  (rcs-revision 2ff5461be705)
)
(C:\Users\Jonathan\AppData\Roaming\MiKTeX\2.9\tex\latex\beamer\base\beamerbaset
woscreens.sty
Package: beamerbasetwoscreens 2010/05/01  (rcs-revision efa082c6111d)
)
(C:\Users\Jonathan\AppData\Roaming\MiKTeX\2.9\tex\latex\beamer\base\beamerbaseo
verlay.sty
Package: beamerbaseoverlay 2012/04/03  (rcs-revision 45744d9ae88b)
\beamer@argscount=\count126
\beamer@lastskipcover=\skip44
\beamer@trivlistdepth=\count127
)
(C:\Users\Jonathan\AppData\Roaming\MiKTeX\2.9\tex\latex\beamer\base\beamerbaset
itle.sty
Package: beamerbasetitle 2010/09/21  (rcs-revision f0446ed0b6ae)
)
(C:\Users\Jonathan\AppData\Roaming\MiKTeX\2.9\tex\latex\beamer\base\beamerbases
ection.sty
Package: beamerbasesection 2012/05/30  (rcs-revision 22ff49def670)
\c@lecture=\count128
\c@part=\count129
\c@section=\count130
\c@subsection=\count131
\c@subsubsection=\count132
)
(C:\Users\Jonathan\AppData\Roaming\MiKTeX\2.9\tex\latex\beamer\base\beamerbasef
rame.sty
Package: beamerbaseframe 2012/09/13  (rcs-revision dcd846607320)
\beamer@framebox=\box40
\beamer@frametitlebox=\box41
\beamer@zoombox=\box42
\beamer@zoomcount=\count133
\beamer@zoomframecount=\count134
\beamer@frametextheight=\dimen165
\c@subsectionslide=\count135
\beamer@frametopskip=\skip45
\beamer@framebottomskip=\skip46
\beamer@frametopskipautobreak=\skip47
\beamer@framebottomskipautobreak=\skip48
\beamer@envbody=\toks24
\framewidth=\dimen166
\c@framenumber=\count136
)
(C:\Users\Jonathan\AppData\Roaming\MiKTeX\2.9\tex\latex\beamer\base\beamerbasev
erbatim.sty
Package: beamerbaseverbatim 2012/08/30  (rcs-revision dfdb135076b3)
\beamer@verbatimfileout=\write4
)
(C:\Users\Jonathan\AppData\Roaming\MiKTeX\2.9\tex\latex\beamer\base\beamerbasef
ramesize.sty
Package: beamerbaseframesize 2011/09/12  (rcs-revision 70f9d8411e54)
\beamer@splitbox=\box43
\beamer@autobreakcount=\count137
\beamer@autobreaklastheight=\dimen167
\beamer@frametitletoks=\toks25
\beamer@framesubtitletoks=\toks26
)
(C:\Users\Jonathan\AppData\Roaming\MiKTeX\2.9\tex\latex\beamer\base\beamerbasef
ramecomponents.sty
Package: beamerbaseframecomponents 2012/09/13  (rcs-revision dcd846607320)
\beamer@footins=\box44
)
(C:\Users\Jonathan\AppData\Roaming\MiKTeX\2.9\tex\latex\beamer\base\beamerbasec
olor.sty
Package: beamerbasecolor 2010/06/06  (rcs-revision d1a9b48be06d)
)
(C:\Users\Jonathan\AppData\Roaming\MiKTeX\2.9\tex\latex\beamer\base\beamerbasen
otes.sty
Package: beamerbasenotes 2010/05/01  (rcs-revision efa082c6111d)
\beamer@frameboxcopy=\box45
)
(C:\Users\Jonathan\AppData\Roaming\MiKTeX\2.9\tex\latex\beamer\base\beamerbaset
oc.sty
Package: beamerbasetoc 2012/02/28  (rcs-revision 138681b92320)
)
(C:\Users\Jonathan\AppData\Roaming\MiKTeX\2.9\tex\latex\beamer\base\beamerbaset
emplates.sty
Package: beamerbasetemplates 2010/05/01  (rcs-revision efa082c6111d)
\beamer@sbttoks=\toks27

(C:\Users\Jonathan\AppData\Roaming\MiKTeX\2.9\tex\latex\beamer\base\beamerbasea
uxtemplates.sty
Package: beamerbaseauxtemplates 2012/05/01  (rcs-revision 67c48b3b652d)

(C:\Users\Jonathan\AppData\Roaming\MiKTeX\2.9\tex\latex\beamer\base\beamerbaseb
oxes.sty
Package: beamerbaseboxes 2012/05/13  (rcs-revision 56972908a390)
\bmb@box=\box46
\bmb@colorbox=\box47
\bmb@boxshadow=\box48
\bmb@boxshadowball=\box49
\bmb@boxshadowballlarge=\box50
\bmb@temp=\dimen168
\bmb@dima=\dimen169
\bmb@dimb=\dimen170
\bmb@prevheight=\dimen171
)
\beamer@blockheadheight=\dimen172
))
(C:\Users\Jonathan\AppData\Roaming\MiKTeX\2.9\tex\latex\beamer\base\beamerbasel
ocalstructure.sty
Package: beamerbaselocalstructure 2012/05/25  (rcs-revision 5ff5e8ed7c0e)

("C:\Program Files\Programmieren\Latex\MiKTeX\tex\latex\tools\enumerate.sty"
Package: enumerate 1999/03/05 v3.00 enumerate extensions (DPC)
\@enLab=\toks28
)
\c@figure=\count138
\c@table=\count139
\abovecaptionskip=\skip49
\belowcaptionskip=\skip50
)
(C:\Users\Jonathan\AppData\Roaming\MiKTeX\2.9\tex\latex\beamer\base\beamerbasen
avigation.sty
Package: beamerbasenavigation 2012/04/03  (rcs-revision 42a0f21a412d)
\beamer@section@min@dim=\dimen173
)
(C:\Users\Jonathan\AppData\Roaming\MiKTeX\2.9\tex\latex\beamer\base\beamerbaset
heorems.sty
Package: beamerbasetheorems 2010/06/06  (rcs-revision 7e7cc5e53e9d)

("C:\Program Files\Programmieren\Latex\MiKTeX\tex\latex\ams\math\amsmath.sty"
Package: amsmath 2000/07/18 v2.13 AMS math features
\@mathmargin=\skip51

For additional information on amsmath, use the `?' option.
("C:\Program Files\Programmieren\Latex\MiKTeX\tex\latex\ams\math\amstext.sty"
Package: amstext 2000/06/29 v2.01

("C:\Program Files\Programmieren\Latex\MiKTeX\tex\latex\ams\math\amsgen.sty"
File: amsgen.sty 1999/11/30 v2.0
\@emptytoks=\toks29
\ex@=\dimen174
))
("C:\Program Files\Programmieren\Latex\MiKTeX\tex\latex\ams\math\amsbsy.sty"
Package: amsbsy 1999/11/29 v1.2d
\pmbraise@=\dimen175
)
("C:\Program Files\Programmieren\Latex\MiKTeX\tex\latex\ams\math\amsopn.sty"
Package: amsopn 1999/12/14 v2.01 operator names
)
\inf@bad=\count140
LaTeX Info: Redefining \frac on input line 211.
\uproot@=\count141
\leftroot@=\count142
LaTeX Info: Redefining \overline on input line 307.
\classnum@=\count143
\DOTSCASE@=\count144
LaTeX Info: Redefining \ldots on input line 379.
LaTeX Info: Redefining \dots on input line 382.
LaTeX Info: Redefining \cdots on input line 467.
\Mathstrutbox@=\box51
\strutbox@=\box52
\big@size=\dimen176
LaTeX Font Info:    Redeclaring font encoding OML on input line 567.
LaTeX Font Info:    Redeclaring font encoding OMS on input line 568.
\macc@depth=\count145
\c@MaxMatrixCols=\count146
\dotsspace@=\muskip11
\c@parentequation=\count147
\dspbrk@lvl=\count148
\tag@help=\toks30
\row@=\count149
\column@=\count150
\maxfields@=\count151
\andhelp@=\toks31
\eqnshift@=\dimen177
\alignsep@=\dimen178
\tagshift@=\dimen179
\tagwidth@=\dimen180
\totwidth@=\dimen181
\lineht@=\dimen182
\@envbody=\toks32
\multlinegap=\skip52
\multlinetaggap=\skip53
\mathdisplay@stack=\toks33
LaTeX Info: Redefining \[ on input line 2666.
LaTeX Info: Redefining \] on input line 2667.
)
("C:\Program Files\Programmieren\Latex\MiKTeX\tex\latex\ams\classes\amsthm.sty"
Package: amsthm 2004/08/06 v2.20
\thm@style=\toks34
\thm@bodyfont=\toks35
\thm@headfont=\toks36
\thm@notefont=\toks37
\thm@headpunct=\toks38
\thm@preskip=\skip54
\thm@postskip=\skip55
\thm@headsep=\skip56
\dth@everypar=\toks39
)
\c@theorem=\count152
)
(C:\Users\Jonathan\AppData\Roaming\MiKTeX\2.9\tex\latex\beamer\base\beamerbaset
hemes.sty
Package: beamerbasethemes 2010/05/01  (rcs-revision efa082c6111d)
))
(C:\Users\Jonathan\AppData\Roaming\MiKTeX\2.9\tex\latex\beamer\base\themes\them
e\beamerthemedefault.sty
Package: beamerthemedefault 2010/06/17  (rcs-revision d02a7cf4d8ae)

(C:\Users\Jonathan\AppData\Roaming\MiKTeX\2.9\tex\latex\beamer\base\themes\font
\beamerfontthemedefault.sty
Package: beamerfontthemedefault 2010/06/17  (rcs-revision d02a7cf4d8ae)
)
(C:\Users\Jonathan\AppData\Roaming\MiKTeX\2.9\tex\latex\beamer\base\themes\colo
r\beamercolorthemedefault.sty
Package: beamercolorthemedefault 2010/06/17  (rcs-revision d02a7cf4d8ae)
)
(C:\Users\Jonathan\AppData\Roaming\MiKTeX\2.9\tex\latex\beamer\base\themes\inne
r\beamerinnerthemedefault.sty
Package: beamerinnerthemedefault 2012/05/01  (rcs-revision 67c48b3b652d)
\beamer@dima=\dimen183
\beamer@dimb=\dimen184
)
(C:\Users\Jonathan\AppData\Roaming\MiKTeX\2.9\tex\latex\beamer\base\themes\oute
r\beamerouterthemedefault.sty
Package: beamerouterthemedefault 2010/06/17  (rcs-revision d02a7cf4d8ae)
)))
("F:\Eigene Dateien\Jo\Studium\Informatik\PSE\GitRepository\KIT-PSE-Docs\LaTeX 
Final\praeambel.tex"
(C:\Users\Jonathan\AppData\Roaming\MiKTeX\2.9\tex\latex\beamer\base\themes\them
e\beamerthemeRochester.sty
Package: beamerthemeRochester 2010/06/17  (rcs-revision d02a7cf4d8ae)

(C:\Users\Jonathan\AppData\Roaming\MiKTeX\2.9\tex\latex\beamer\base\themes\oute
r\beamerouterthemesidebar.sty
Package: beamerouterthemesidebar 2010/06/17  (rcs-revision d02a7cf4d8ae)
\beamer@sidebarwidth=\dimen185
\beamer@headheight=\dimen186
)
(C:\Users\Jonathan\AppData\Roaming\MiKTeX\2.9\tex\latex\beamer\base\themes\inne
r\beamerinnerthemerectangles.sty
Package: beamerinnerthemerectangles 2010/06/17  (rcs-revision d02a7cf4d8ae)
)
(C:\Users\Jonathan\AppData\Roaming\MiKTeX\2.9\tex\latex\beamer\base\themes\colo
r\beamercolorthemewhale.sty
Package: beamercolorthemewhale 2010/06/17  (rcs-revision d02a7cf4d8ae)
)
(C:\Users\Jonathan\AppData\Roaming\MiKTeX\2.9\tex\latex\beamer\base\themes\colo
r\beamercolorthemeorchid.sty
Package: beamercolorthemeorchid 2010/06/17  (rcs-revision d02a7cf4d8ae)
))
(C:\Users\Jonathan\AppData\Roaming\MiKTeX\2.9\tex\latex\beamer\base\themes\colo
r\beamercolorthemestructure.sty
Package: beamercolorthemestructure 2010/06/17  (rcs-revision d02a7cf4d8ae)
)
("C:\Program Files\Programmieren\Latex\MiKTeX\tex\latex\base\inputenc.sty"
Package: inputenc 2008/03/30 v1.1d Input encoding file
\inpenc@prehook=\toks40
\inpenc@posthook=\toks41

("C:\Program Files\Programmieren\Latex\MiKTeX\tex\latex\base\utf8.def"
File: utf8.def 2008/04/05 v1.1m UTF-8 support for inputenc
Now handling font encoding OML ...
... no UTF-8 mapping file for font encoding OML
Now handling font encoding T1 ...
... processing UTF-8 mapping file for font encoding T1

("C:\Program Files\Programmieren\Latex\MiKTeX\tex\latex\base\t1enc.dfu"
File: t1enc.dfu 2008/04/05 v1.1m UTF-8 support for inputenc
   defining Unicode char U+00A1 (decimal 161)
   defining Unicode char U+00A3 (decimal 163)
   defining Unicode char U+00AB (decimal 171)
   defining Unicode char U+00BB (decimal 187)
   defining Unicode char U+00BF (decimal 191)
   defining Unicode char U+00C0 (decimal 192)
   defining Unicode char U+00C1 (decimal 193)
   defining Unicode char U+00C2 (decimal 194)
   defining Unicode char U+00C3 (decimal 195)
   defining Unicode char U+00C4 (decimal 196)
   defining Unicode char U+00C5 (decimal 197)
   defining Unicode char U+00C6 (decimal 198)
   defining Unicode char U+00C7 (decimal 199)
   defining Unicode char U+00C8 (decimal 200)
   defining Unicode char U+00C9 (decimal 201)
   defining Unicode char U+00CA (decimal 202)
   defining Unicode char U+00CB (decimal 203)
   defining Unicode char U+00CC (decimal 204)
   defining Unicode char U+00CD (decimal 205)
   defining Unicode char U+00CE (decimal 206)
   defining Unicode char U+00CF (decimal 207)
   defining Unicode char U+00D0 (decimal 208)
   defining Unicode char U+00D1 (decimal 209)
   defining Unicode char U+00D2 (decimal 210)
   defining Unicode char U+00D3 (decimal 211)
   defining Unicode char U+00D4 (decimal 212)
   defining Unicode char U+00D5 (decimal 213)
   defining Unicode char U+00D6 (decimal 214)
   defining Unicode char U+00D8 (decimal 216)
   defining Unicode char U+00D9 (decimal 217)
   defining Unicode char U+00DA (decimal 218)
   defining Unicode char U+00DB (decimal 219)
   defining Unicode char U+00DC (decimal 220)
   defining Unicode char U+00DD (decimal 221)
   defining Unicode char U+00DE (decimal 222)
   defining Unicode char U+00DF (decimal 223)
   defining Unicode char U+00E0 (decimal 224)
   defining Unicode char U+00E1 (decimal 225)
   defining Unicode char U+00E2 (decimal 226)
   defining Unicode char U+00E3 (decimal 227)
   defining Unicode char U+00E4 (decimal 228)
   defining Unicode char U+00E5 (decimal 229)
   defining Unicode char U+00E6 (decimal 230)
   defining Unicode char U+00E7 (decimal 231)
   defining Unicode char U+00E8 (decimal 232)
   defining Unicode char U+00E9 (decimal 233)
   defining Unicode char U+00EA (decimal 234)
   defining Unicode char U+00EB (decimal 235)
   defining Unicode char U+00EC (decimal 236)
   defining Unicode char U+00ED (decimal 237)
   defining Unicode char U+00EE (decimal 238)
   defining Unicode char U+00EF (decimal 239)
   defining Unicode char U+00F0 (decimal 240)
   defining Unicode char U+00F1 (decimal 241)
   defining Unicode char U+00F2 (decimal 242)
   defining Unicode char U+00F3 (decimal 243)
   defining Unicode char U+00F4 (decimal 244)
   defining Unicode char U+00F5 (decimal 245)
   defining Unicode char U+00F6 (decimal 246)
   defining Unicode char U+00F8 (decimal 248)
   defining Unicode char U+00F9 (decimal 249)
   defining Unicode char U+00FA (decimal 250)
   defining Unicode char U+00FB (decimal 251)
   defining Unicode char U+00FC (decimal 252)
   defining Unicode char U+00FD (decimal 253)
   defining Unicode char U+00FE (decimal 254)
   defining Unicode char U+00FF (decimal 255)
   defining Unicode char U+0102 (decimal 258)
   defining Unicode char U+0103 (decimal 259)
   defining Unicode char U+0104 (decimal 260)
   defining Unicode char U+0105 (decimal 261)
   defining Unicode char U+0106 (decimal 262)
   defining Unicode char U+0107 (decimal 263)
   defining Unicode char U+010C (decimal 268)
   defining Unicode char U+010D (decimal 269)
   defining Unicode char U+010E (decimal 270)
   defining Unicode char U+010F (decimal 271)
   defining Unicode char U+0110 (decimal 272)
   defining Unicode char U+0111 (decimal 273)
   defining Unicode char U+0118 (decimal 280)
   defining Unicode char U+0119 (decimal 281)
   defining Unicode char U+011A (decimal 282)
   defining Unicode char U+011B (decimal 283)
   defining Unicode char U+011E (decimal 286)
   defining Unicode char U+011F (decimal 287)
   defining Unicode char U+0130 (decimal 304)
   defining Unicode char U+0131 (decimal 305)
   defining Unicode char U+0132 (decimal 306)
   defining Unicode char U+0133 (decimal 307)
   defining Unicode char U+0139 (decimal 313)
   defining Unicode char U+013A (decimal 314)
   defining Unicode char U+013D (decimal 317)
   defining Unicode char U+013E (decimal 318)
   defining Unicode char U+0141 (decimal 321)
   defining Unicode char U+0142 (decimal 322)
   defining Unicode char U+0143 (decimal 323)
   defining Unicode char U+0144 (decimal 324)
   defining Unicode char U+0147 (decimal 327)
   defining Unicode char U+0148 (decimal 328)
   defining Unicode char U+014A (decimal 330)
   defining Unicode char U+014B (decimal 331)
   defining Unicode char U+0150 (decimal 336)
   defining Unicode char U+0151 (decimal 337)
   defining Unicode char U+0152 (decimal 338)
   defining Unicode char U+0153 (decimal 339)
   defining Unicode char U+0154 (decimal 340)
   defining Unicode char U+0155 (decimal 341)
   defining Unicode char U+0158 (decimal 344)
   defining Unicode char U+0159 (decimal 345)
   defining Unicode char U+015A (decimal 346)
   defining Unicode char U+015B (decimal 347)
   defining Unicode char U+015E (decimal 350)
   defining Unicode char U+015F (decimal 351)
   defining Unicode char U+0160 (decimal 352)
   defining Unicode char U+0161 (decimal 353)
   defining Unicode char U+0162 (decimal 354)
   defining Unicode char U+0163 (decimal 355)
   defining Unicode char U+0164 (decimal 356)
   defining Unicode char U+0165 (decimal 357)
   defining Unicode char U+016E (decimal 366)
   defining Unicode char U+016F (decimal 367)
   defining Unicode char U+0170 (decimal 368)
   defining Unicode char U+0171 (decimal 369)
   defining Unicode char U+0178 (decimal 376)
   defining Unicode char U+0179 (decimal 377)
   defining Unicode char U+017A (decimal 378)
   defining Unicode char U+017B (decimal 379)
   defining Unicode char U+017C (decimal 380)
   defining Unicode char U+017D (decimal 381)
   defining Unicode char U+017E (decimal 382)
   defining Unicode char U+200C (decimal 8204)
   defining Unicode char U+2013 (decimal 8211)
   defining Unicode char U+2014 (decimal 8212)
   defining Unicode char U+2018 (decimal 8216)
   defining Unicode char U+2019 (decimal 8217)
   defining Unicode char U+201A (decimal 8218)
   defining Unicode char U+201C (decimal 8220)
   defining Unicode char U+201D (decimal 8221)
   defining Unicode char U+201E (decimal 8222)
   defining Unicode char U+2030 (decimal 8240)
   defining Unicode char U+2031 (decimal 8241)
   defining Unicode char U+2039 (decimal 8249)
   defining Unicode char U+203A (decimal 8250)
   defining Unicode char U+2423 (decimal 9251)
)
Now handling font encoding OT1 ...
... processing UTF-8 mapping file for font encoding OT1

("C:\Program Files\Programmieren\Latex\MiKTeX\tex\latex\base\ot1enc.dfu"
File: ot1enc.dfu 2008/04/05 v1.1m UTF-8 support for inputenc
   defining Unicode char U+00A1 (decimal 161)
   defining Unicode char U+00A3 (decimal 163)
   defining Unicode char U+00B8 (decimal 184)
   defining Unicode char U+00BF (decimal 191)
   defining Unicode char U+00C5 (decimal 197)
   defining Unicode char U+00C6 (decimal 198)
   defining Unicode char U+00D8 (decimal 216)
   defining Unicode char U+00DF (decimal 223)
   defining Unicode char U+00E6 (decimal 230)
   defining Unicode char U+00EC (decimal 236)
   defining Unicode char U+00ED (decimal 237)
   defining Unicode char U+00EE (decimal 238)
   defining Unicode char U+00EF (decimal 239)
   defining Unicode char U+00F8 (decimal 248)
   defining Unicode char U+0131 (decimal 305)
   defining Unicode char U+0141 (decimal 321)
   defining Unicode char U+0142 (decimal 322)
   defining Unicode char U+0152 (decimal 338)
   defining Unicode char U+0153 (decimal 339)
   defining Unicode char U+2013 (decimal 8211)
   defining Unicode char U+2014 (decimal 8212)
   defining Unicode char U+2018 (decimal 8216)
   defining Unicode char U+2019 (decimal 8217)
   defining Unicode char U+201C (decimal 8220)
   defining Unicode char U+201D (decimal 8221)
)
Now handling font encoding OMS ...
... processing UTF-8 mapping file for font encoding OMS

("C:\Program Files\Programmieren\Latex\MiKTeX\tex\latex\base\omsenc.dfu"
File: omsenc.dfu 2008/04/05 v1.1m UTF-8 support for inputenc
   defining Unicode char U+00A7 (decimal 167)
   defining Unicode char U+00B6 (decimal 182)
   defining Unicode char U+00B7 (decimal 183)
   defining Unicode char U+2020 (decimal 8224)
   defining Unicode char U+2021 (decimal 8225)
   defining Unicode char U+2022 (decimal 8226)
)
Now handling font encoding OMX ...
... no UTF-8 mapping file for font encoding OMX
Now handling font encoding U ...
... no UTF-8 mapping file for font encoding U
Now handling font encoding PD1 ...
... no UTF-8 mapping file for font encoding PD1
   defining Unicode char U+00A9 (decimal 169)
   defining Unicode char U+00AA (decimal 170)
   defining Unicode char U+00AE (decimal 174)
   defining Unicode char U+00BA (decimal 186)
   defining Unicode char U+02C6 (decimal 710)
   defining Unicode char U+02DC (decimal 732)
   defining Unicode char U+200C (decimal 8204)
   defining Unicode char U+2026 (decimal 8230)
   defining Unicode char U+2122 (decimal 8482)
   defining Unicode char U+2423 (decimal 9251)
))
("C:\Program Files\Programmieren\Latex\MiKTeX\tex\generic\babel\babel.sty"
Package: babel 2008/07/08 v3.8m The Babel package

*************************************
* Local config file bblopts.cfg used
*
("C:\Program Files\Programmieren\Latex\MiKTeX\tex\latex\00miktex\bblopts.cfg"
File: bblopts.cfg 2006/07/31 v1.0 MiKTeX 'babel' configuration
)
("C:\Program Files\Programmieren\Latex\MiKTeX\tex\generic\babel\ngermanb.ldf"
Language: ngermanb 2008/07/06 v2.6n new German support from the babel system

("C:\Program Files\Programmieren\Latex\MiKTeX\tex\generic\babel\babel.def"
File: babel.def 2008/07/08 v3.8m Babel common definitions
LaTeX Info: Redefining \textlatin on input line 82.
\babel@savecnt=\count153
\U@D=\dimen187
)
\l@naustrian = a dialect from \language\l@ngerman 
Package babel Info: Making " an active character on input line 92.
))
("C:\Program Files\Programmieren\Latex\MiKTeX\tex\latex\psnfss\helvet.sty"
Package: helvet 2005/04/12 PSNFSS-v9.2a (WaS) 
)
("C:\Program Files\Programmieren\Latex\MiKTeX\tex\latex\psnfss\courier.sty"
Package: courier 2005/04/12 PSNFSS-v9.2a (WaS) 
)
("C:\Program Files\Programmieren\Latex\MiKTeX\tex\latex\psnfss\pifont.sty"
Package: pifont 2005/04/12 PSNFSS-v9.2a Pi font support (SPQR) 
LaTeX Font Info:    Try loading font information for U+pzd on input line 63.

("C:\Program Files\Programmieren\Latex\MiKTeX\tex\latex\psnfss\upzd.fd"
File: upzd.fd 2001/06/04 font definitions for U/pzd.
)
LaTeX Font Info:    Try loading font information for U+psy on input line 64.

("C:\Program Files\Programmieren\Latex\MiKTeX\tex\latex\psnfss\upsy.fd"
File: upsy.fd 2001/06/04 font definitions for U/psy.
))
("C:\Program Files\Programmieren\Latex\MiKTeX\tex\latex\base\fontenc.sty"
Package: fontenc 2005/09/27 v1.99g Standard LaTeX package

("C:\Program Files\Programmieren\Latex\MiKTeX\tex\latex\base\t1enc.def"
File: t1enc.def 2005/09/27 v1.99g Standard LaTeX file
LaTeX Font Info:    Redeclaring font encoding T1 on input line 43.
)))
("F:\Eigene Dateien\Jo\Studium\Informatik\PSE\GitRepository\KIT-PSE-Docs\LaTeX 
Final\FinalMain.aux")
LaTeX Font Info:    Checking defaults for OML/cmm/m/it on input line 9.
LaTeX Font Info:    ... okay on input line 9.
LaTeX Font Info:    Checking defaults for T1/cmr/m/n on input line 9.
LaTeX Font Info:    ... okay on input line 9.
LaTeX Font Info:    Checking defaults for OT1/cmr/m/n on input line 9.
LaTeX Font Info:    ... okay on input line 9.
LaTeX Font Info:    Checking defaults for OMS/cmsy/m/n on input line 9.
LaTeX Font Info:    ... okay on input line 9.
LaTeX Font Info:    Checking defaults for OMX/cmex/m/n on input line 9.
LaTeX Font Info:    ... okay on input line 9.
LaTeX Font Info:    Checking defaults for U/cmr/m/n on input line 9.
LaTeX Font Info:    ... okay on input line 9.
LaTeX Font Info:    Checking defaults for PD1/pdf/m/n on input line 9.
LaTeX Font Info:    ... okay on input line 9.
LaTeX Font Info:    Try loading font information for T1+phv on input line 9.

("C:\Program Files\Programmieren\Latex\MiKTeX\tex\latex\psnfss\t1phv.fd"
File: t1phv.fd 2001/06/04 scalable font definitions for T1/phv.
)
LaTeX Font Info:    Font shape `T1/phv/m/n' will be
(Font)              scaled to size 9.85492pt on input line 9.

*geometry* driver: auto-detecting
*geometry* detected driver: pdftex
*geometry* verbose mode - [ preamble ] result:
* driver: pdftex
* paper: custom
* layout: <same size as paper>
* layoutoffset:(h,v)=(0.0pt,0.0pt)
* modes: includehead includefoot 
* h-part:(L,W,R)=(28.45274pt, 307.28987pt, 28.45274pt)
* v-part:(T,H,B)=(0.0pt, 273.14662pt, 0.0pt)
* \paperwidth=364.19536pt
* \paperheight=273.14662pt
* \textwidth=307.28987pt
* \textheight=244.6939pt
* \oddsidemargin=-43.81725pt
* \evensidemargin=-43.81725pt
* \topmargin=-72.26999pt
* \headheight=14.22636pt
* \headsep=0.0pt
* \topskip=11.0pt
* \footskip=14.22636pt
* \marginparwidth=4.0pt
* \marginparsep=10.0pt
* \columnsep=10.0pt
* \skip\footins=10.0pt plus 4.0pt minus 2.0pt
* \hoffset=0.0pt
* \voffset=0.0pt
* \mag=1000
* \@twocolumnfalse
* \@twosidefalse
* \@mparswitchfalse
* \@reversemarginfalse
* (1in=72.27pt=25.4mm, 1cm=28.453pt)

(C:\Users\Jonathan\AppData\Roaming\MiKTeX\2.9\tex\context\base\supp-pdf.mkii
[Loading MPS to PDF converter (version 2006.09.02).]
\scratchcounter=\count154
\scratchdimen=\dimen188
\scratchbox=\box53
\nofMPsegments=\count155
\nofMParguments=\count156
\everyMPshowfont=\toks42
\MPscratchCnt=\count157
\MPscratchDim=\dimen189
\MPnumerator=\count158
\makeMPintoPDFobject=\count159
\everyMPtoPDFconversion=\toks43
) ABD: EveryShipout initializing macros
\AtBeginShipoutBox=\box54
Package hyperref Info: Link coloring OFF on input line 9.

("C:\Program Files\Programmieren\Latex\MiKTeX\tex\latex\hyperref\nameref.sty"
Package: nameref 2012/07/31 v2.42 Cross-referencing by name of section

("C:\Program Files\Programmieren\Latex\MiKTeX\tex\generic\oberdiek\gettitlestri
ng.sty"
Package: gettitlestring 2010/12/03 v1.4 Cleanup title references (HO)
)
\c@section@level=\count160
)
LaTeX Info: Redefining \ref on input line 9.
LaTeX Info: Redefining \pageref on input line 9.
LaTeX Info: Redefining \nameref on input line 9.

("F:\Eigene Dateien\Jo\Studium\Informatik\PSE\GitRepository\KIT-PSE-Docs\LaTeX 
Final\FinalMain.out")
("F:\Eigene Dateien\Jo\Studium\Informatik\PSE\GitRepository\KIT-PSE-Docs\LaTeX 
Final\FinalMain.out")
\@outlinefile=\write5
LaTeX Font Info:    Overwriting symbol font `operators' in version `normal'
(Font)                  OT1/cmr/m/n --> OT1/cmss/m/n on input line 9.
LaTeX Font Info:    Overwriting symbol font `operators' in version `bold'
(Font)                  OT1/cmr/bx/n --> OT1/cmss/bx/n on input line 9.
\symnumbers=\mathgroup6
\sympureletters=\mathgroup7
LaTeX Font Info:    Overwriting math alphabet `\mathrm' in version `normal'
(Font)                  OT1/cmss/m/n --> T1/cmr/m/n on input line 9.
LaTeX Font Info:    Redeclaring math alphabet \mathbf on input line 9.
LaTeX Font Info:    Overwriting math alphabet `\mathbf' in version `normal'
(Font)                  OT1/cmr/bx/n --> T1/phv/bx/n on input line 9.
LaTeX Font Info:    Overwriting math alphabet `\mathbf' in version `bold'
(Font)                  OT1/cmr/bx/n --> T1/phv/bx/n on input line 9.
LaTeX Font Info:    Redeclaring math alphabet \mathsf on input line 9.
LaTeX Font Info:    Overwriting math alphabet `\mathsf' in version `normal'
(Font)                  OT1/cmss/m/n --> T1/phv/m/n on input line 9.
LaTeX Font Info:    Overwriting math alphabet `\mathsf' in version `bold'
(Font)                  OT1/cmss/bx/n --> T1/phv/m/n on input line 9.
LaTeX Font Info:    Redeclaring math alphabet \mathit on input line 9.
LaTeX Font Info:    Overwriting math alphabet `\mathit' in version `normal'
(Font)                  OT1/cmr/m/it --> T1/phv/m/it on input line 9.
LaTeX Font Info:    Overwriting math alphabet `\mathit' in version `bold'
(Font)                  OT1/cmr/bx/it --> T1/phv/m/it on input line 9.
LaTeX Font Info:    Redeclaring math alphabet \mathtt on input line 9.
LaTeX Font Info:    Overwriting math alphabet `\mathtt' in version `normal'
(Font)                  OT1/cmtt/m/n --> T1/pcr/m/n on input line 9.
LaTeX Font Info:    Overwriting math alphabet `\mathtt' in version `bold'
(Font)                  OT1/cmtt/m/n --> T1/pcr/m/n on input line 9.
LaTeX Font Info:    Overwriting symbol font `numbers' in version `bold'
(Font)                  T1/phv/m/n --> T1/phv/bx/n on input line 9.
LaTeX Font Info:    Overwriting symbol font `pureletters' in version `bold'
(Font)                  T1/phv/m/it --> T1/phv/bx/it on input line 9.
LaTeX Font Info:    Overwriting math alphabet `\mathrm' in version `bold'
(Font)                  OT1/cmss/bx/n --> T1/cmr/bx/n on input line 9.
LaTeX Font Info:    Overwriting math alphabet `\mathbf' in version `bold'
(Font)                  T1/phv/bx/n --> T1/phv/bx/n on input line 9.
LaTeX Font Info:    Overwriting math alphabet `\mathsf' in version `bold'
(Font)                  T1/phv/m/n --> T1/phv/bx/n on input line 9.
LaTeX Font Info:    Overwriting math alphabet `\mathit' in version `bold'
(Font)                  T1/phv/m/it --> T1/phv/bx/it on input line 9.
LaTeX Font Info:    Overwriting math alphabet `\mathtt' in version `bold'
(Font)                  T1/pcr/m/n --> T1/pcr/bx/n on input line 9.

(C:\Users\Jonathan\AppData\Roaming\MiKTeX\2.9\tex\latex\beamer\base\translator\
dicts\translator-basic-dictionary\translator-basic-dictionary-English.dict
Dictionary: translator-basic-dictionary, Language: English 
)
(C:\Users\Jonathan\AppData\Roaming\MiKTeX\2.9\tex\latex\beamer\base\translator\
dicts\translator-bibliography-dictionary\translator-bibliography-dictionary-Eng
lish.dict
Dictionary: translator-bibliography-dictionary, Language: English 
)
(C:\Users\Jonathan\AppData\Roaming\MiKTeX\2.9\tex\latex\beamer\base\translator\
dicts\translator-environment-dictionary\translator-environment-dictionary-Engli
sh.dict
Dictionary: translator-environment-dictionary, Language: English 
)
(C:\Users\Jonathan\AppData\Roaming\MiKTeX\2.9\tex\latex\beamer\base\translator\
dicts\translator-months-dictionary\translator-months-dictionary-English.dict
Dictionary: translator-months-dictionary, Language: English 
)
(C:\Users\Jonathan\AppData\Roaming\MiKTeX\2.9\tex\latex\beamer\base\translator\
dicts\translator-numbers-dictionary\translator-numbers-dictionary-English.dict
Dictionary: translator-numbers-dictionary, Language: English 
)
(C:\Users\Jonathan\AppData\Roaming\MiKTeX\2.9\tex\latex\beamer\base\translator\
dicts\translator-theorem-dictionary\translator-theorem-dictionary-English.dict
Dictionary: translator-theorem-dictionary, Language: English 
)
LaTeX Info: Redefining \includegraphics on input line 9.

("F:\Eigene Dateien\Jo\Studium\Informatik\PSE\GitRepository\KIT-PSE-Docs\LaTeX 
Final\FinalMain.nav")
LaTeX Font Info:    Font shape `T1/phv/m/n' will be
(Font)              scaled to size 5.39996pt on input line 9.

<Pictures/WHAT-Logo2.png, id=18, 2293.56876pt x 1049.9225pt>
File: Pictures/WHAT-Logo2.png Graphic file (type png)

<use Pictures/WHAT-Logo2.png>
Package pdftex.def Info: Pictures/WHAT-Logo2.png used on input line 18.
(pdftex.def)             Requested size: 215.10196pt x 98.46202pt.
LaTeX Font Info:    Font shape `T1/phv/m/n' will be
(Font)              scaled to size 3.59998pt on input line 18.
 [1

 <F:/Eigene Dateien/Jo/Studium/Informatik/PSE/GitRepository/KIT-PSE-Docs/LaTeX 
Final/Pictures/WHAT-Logo.png> <F:/Eigene Dateien/Jo/Studium/Informatik/PSE/GitR
epository/KIT-PSE-Docs/LaTeX Final/Pictures/WHAT-Logo2.png>]
LaTeX Font Info:    Font shape `T1/phv/m/n' will be
(Font)              scaled to size 12.9599pt on input line 36.
LaTeX Font Info:    Font shape `T1/phv/m/n' will be
(Font)              scaled to size 8.09995pt on input line 36.
 [2

{C:/Users/Jonathan/AppData/Local/MiKTeX/2.9/pdftex/config/pdftex.map}]
LaTeX Font Info:    Font shape `T1/phv/m/n' will be
(Font)              scaled to size 18.66588pt on input line 49.
 [3

]
\tf@nav=\write6
\tf@toc=\write7
\tf@snm=\write8
Package atveryend Info: Empty hook `BeforeClearDocument' on input line 53.
Package atveryend Info: Empty hook `AfterLastShipout' on input line 53.

("F:\Eigene Dateien\Jo\Studium\Informatik\PSE\GitRepository\KIT-PSE-Docs\LaTeX 
Final\FinalMain.aux")
Package atveryend Info: Executing hook `AtVeryEndDocument' on input line 53.
Package atveryend Info: Executing hook `AtEndAfterFileList' on input line 53.


Package rerunfilecheck Warning: File `FinalMain.out' has changed.
(rerunfilecheck)                Rerun to get outlines right
(rerunfilecheck)                or use package `bookmark'.

Package rerunfilecheck Info: Checksums for `FinalMain.out':
(rerunfilecheck)             Before: 3980EA1D45CAC9FEEC2C0FAC5000B33B;48
(rerunfilecheck)             After:  D41D8CD98F00B204E9800998ECF8427E;0.
Package atveryend Info: Empty hook `AtVeryVeryEnd' on input line 53.
 ) 
Here is how much of TeX's memory you used:
 16184 strings out of 493921
 303852 string characters out of 3140856
 371902 words of memory out of 3000000
 19047 multiletter control sequences out of 15000+200000
 18735 words of font info for 28 fonts, out of 3000000 for 9000
 841 hyphenation exceptions out of 8191
 49i,15n,53p,399b,433s stack positions out of 5000i,500n,10000p,200000b,50000s
pdfTeX warning (dest): name{Outline0.1} has been referenced but does not exis
t, replaced by a fixed one

{C:/Program Files/Programmieren/Latex/MiKTeX/fonts/enc/dvips/fontname/8r.enc}<C
:/Program Files/Programmieren/Latex/MiKTeX/fonts/type1/urw/helvetic/uhvr8a.pfb>
Output written on FinalMain.pdf (3 pages, 446520 bytes).
PDF statistics:
 48 PDF objects out of 1000 (max. 8388607)
 8 named destinations out of 1000 (max. 500000)
 61 words of extra memory for PDF output out of 10000 (max. 10000000)

