\BOOKMARK [1][-]{section.1}{Changes in web tier}{}% 1
\BOOKMARK [2][-]{subsubsection.1.0.1}{Web page}{section.1}% 2
\BOOKMARK [3][-]{subsubsection.1.0.2}{WebpageControllers}{subsubsection.1.0.1}% 3
\BOOKMARK [3][-]{subsubsection.1.0.3}{Localize}{subsubsection.1.0.1}% 4
\BOOKMARK [3][-]{subsubsection.1.0.4}{ChartIndex}{subsubsection.1.0.1}% 5
\BOOKMARK [3][-]{subsubsection.1.0.5}{what}{subsubsection.1.0.1}% 6
\BOOKMARK [1][-]{section.2}{Changes in and comments to the Application tier}{}% 7
\BOOKMARK [2][-]{subsection.2.1}{Working with a config}{section.2}% 8
\BOOKMARK [2][-]{subsection.2.2}{The configuration package}{section.2}% 9
\BOOKMARK [3][-]{subsubsection.2.2.1}{ConfigWrap}{subsection.2.2}% 10
\BOOKMARK [3][-]{subsubsection.2.2.2}{DimRow}{subsection.2.2}% 11
\BOOKMARK [3][-]{subsubsection.2.2.3}{RowEntry}{subsection.2.2}% 12
\BOOKMARK [3][-]{subsubsection.2.2.4}{Addition note}{subsection.2.2}% 13
\BOOKMARK [2][-]{subsection.2.3}{Chart creation}{section.2}% 14
\BOOKMARK [3][-]{subsubsection.2.3.1}{ChartMediator}{subsection.2.3}% 15
\BOOKMARK [2][-]{subsection.2.4}{Parser}{section.2}% 16
\BOOKMARK [3][-]{subsubsection.2.4.1}{ParserMediator}{subsection.2.4}% 17
\BOOKMARK [3][-]{subsubsection.2.4.2}{LogFile}{subsection.2.4}% 18
\BOOKMARK [3][-]{subsubsection.2.4.3}{Task}{subsection.2.4}% 19
\BOOKMARK [3][-]{subsubsection.2.4.4}{LoadingTask}{subsection.2.4}% 20
\BOOKMARK [3][-]{subsubsection.2.4.5}{ParsingTask}{subsection.2.4}% 21
\BOOKMARK [3][-]{subsubsection.2.4.6}{DataEntry}{subsection.2.4}% 22
\BOOKMARK [3][-]{subsubsection.2.4.7}{VerifyTool}{subsection.2.4}% 23
\BOOKMARK [3][-]{subsubsection.2.4.8}{LocationTool}{subsection.2.4}% 24
\BOOKMARK [3][-]{subsubsection.2.4.9}{SplittingTool}{subsection.2.4}% 25
\BOOKMARK [1][-]{section.3}{Changes in Data and Data access tier}{}% 26
\BOOKMARK [2][-]{subsection.3.1}{Data access classes}{section.3}% 27
\BOOKMARK [3][-]{subsubsection.3.1.1}{MySQLAdapter}{subsection.3.1}% 28
\BOOKMARK [3][-]{subsubsection.3.1.2}{WHConnectionManager}{subsection.3.1}% 29
\BOOKMARK [1][-]{section.4}{Things that went wrong}{}% 30
