\BOOKMARK [1][-]{section.1}{Architecture}{}% 1
\BOOKMARK [2][-]{subsection.1.1}{Web browser tier}{section.1}% 2
\BOOKMARK [2][-]{subsection.1.2}{Web server tier}{section.1}% 3
\BOOKMARK [2][-]{subsection.1.3}{Application tier}{section.1}% 4
\BOOKMARK [2][-]{subsection.1.4}{Data access tier}{section.1}% 5
\BOOKMARK [2][-]{subsection.1.5}{Data tier}{section.1}% 6
\BOOKMARK [1][-]{section.2}{Web page design}{}% 7
\BOOKMARK [1][-]{section.3}{Classes}{}% 8
\BOOKMARK [2][-]{subsection.3.1}{Class diagram}{section.3}% 9
\BOOKMARK [2][-]{subsection.3.2}{Fassade}{section.3}% 10
\BOOKMARK [2][-]{subsection.3.3}{Parser}{section.3}% 11
\BOOKMARK [1][-]{section.4}{Data warehouse design}{}% 12
\BOOKMARK [2][-]{subsection.4.1}{Overview}{section.4}% 13
\BOOKMARK [2][-]{subsection.4.2}{Dimension descriptions}{section.4}% 14
\BOOKMARK [2][-]{subsection.4.3}{Measure descriptions}{section.4}% 15
\BOOKMARK [2][-]{subsection.4.4}{Type description}{section.4}% 16
\BOOKMARK [1][-]{section.5}{Sequences}{}% 17
\BOOKMARK [1][-]{section.6}{Other data}{}% 18
\BOOKMARK [2][-]{subsection.6.1}{Static data}{section.6}% 19
\BOOKMARK [2][-]{subsection.6.2}{Dynamic data}{section.6}% 20
\BOOKMARK [2][-]{subsection.6.3}{Extern data}{section.6}% 21
\BOOKMARK [1][-]{section.7}{Libraries}{}% 22
