\BOOKMARK [1][-]{section.1}{Architecture}{}% 1
\BOOKMARK [2][-]{subsection.1.1}{4-tier architecture}{section.1}% 2
\BOOKMARK [2][-]{subsection.1.2}{Web browser tier}{section.1}% 3
\BOOKMARK [2][-]{subsection.1.3}{Web server tier}{section.1}% 4
\BOOKMARK [2][-]{subsection.1.4}{Application tier}{section.1}% 5
\BOOKMARK [2][-]{subsection.1.5}{Data access tier}{section.1}% 6
\BOOKMARK [2][-]{subsection.1.6}{Data tier}{section.1}% 7
\BOOKMARK [1][-]{section.2}{Classes}{}% 8
\BOOKMARK [2][-]{subsection.2.1}{Class diagram}{section.2}% 9
\BOOKMARK [2][-]{subsection.2.2}{Class descriptions}{section.2}% 10
\BOOKMARK [1][-]{section.3}{Data warehouse design}{}% 11
\BOOKMARK [2][-]{subsection.3.1}{Overview}{section.3}% 12
\BOOKMARK [2][-]{subsection.3.2}{Dimension descriptions}{section.3}% 13
\BOOKMARK [2][-]{subsection.3.3}{Measure descriptions}{section.3}% 14
\BOOKMARK [2][-]{subsection.3.4}{Type description}{section.3}% 15
\BOOKMARK [1][-]{section.4}{Sequences}{}% 16
\BOOKMARK [1][-]{section.5}{Other data}{}% 17
\BOOKMARK [2][-]{subsection.5.1}{Static data}{section.5}% 18
\BOOKMARK [2][-]{subsection.5.2}{Dynamic data}{section.5}% 19
\BOOKMARK [2][-]{subsection.5.3}{Extern data}{section.5}% 20
\BOOKMARK [1][-]{section.6}{Libraries}{}% 21
