\BOOKMARK [1][-]{section.1}{Introduction}{}% 1
\BOOKMARK [1][-]{section.2}{Goals}{}% 2
\BOOKMARK [2][-]{subsection.2.1}{Criteria}{section.2}% 3
\BOOKMARK [3][-]{subsubsection.2.1.1}{Server Log Parser \(SLP\)}{subsection.2.1}% 4
\BOOKMARK [3][-]{subsubsection.2.1.2}{Warehouse Analyzing Tool \(WHAT\)}{subsection.2.1}% 5
\BOOKMARK [2][-]{subsection.2.2}{Optional criteria}{section.2}% 6
\BOOKMARK [2][-]{subsection.2.3}{Exclusion criteria}{section.2}% 7
\BOOKMARK [3][-]{subsubsection.2.3.1}{Server Log Parser \(SLP\)}{subsection.2.3}% 8
\BOOKMARK [3][-]{subsubsection.2.3.2}{Warehouse Analyzing Tool \(WHAT\)}{subsection.2.3}% 9
\BOOKMARK [1][-]{section.3}{Usage}{}% 10
\BOOKMARK [2][-]{subsection.3.1}{Applications}{section.3}% 11
\BOOKMARK [2][-]{subsection.3.2}{Target groups}{section.3}% 12
\BOOKMARK [2][-]{subsection.3.3}{Operating conditions}{section.3}% 13
\BOOKMARK [1][-]{section.4}{Operating environment}{}% 14
\BOOKMARK [2][-]{subsection.4.1}{Software}{section.4}% 15
\BOOKMARK [2][-]{subsection.4.2}{Hardware}{section.4}% 16
\BOOKMARK [2][-]{subsection.4.3}{Orgware}{section.4}% 17
\BOOKMARK [2][-]{subsection.4.4}{Product interfaces}{section.4}% 18
\BOOKMARK [1][-]{section.5}{Functional requirements}{}% 19
\BOOKMARK [2][-]{subsection.5.1}{First Whatever}{section.5}% 20
\BOOKMARK [2][-]{subsection.5.2}{Next Whatever}{section.5}% 21
\BOOKMARK [1][-]{section.6}{Data}{}% 22
\BOOKMARK [2][-]{subsection.6.1}{First Whatever}{section.6}% 23
\BOOKMARK [2][-]{subsection.6.2}{Next Whatever}{section.6}% 24
\BOOKMARK [1][-]{section.7}{Nonfunctional requirements}{}% 25
\BOOKMARK [2][-]{subsection.7.1}{First Whatever}{section.7}% 26
\BOOKMARK [2][-]{subsection.7.2}{Next Whatever}{section.7}% 27
\BOOKMARK [1][-]{section.8}{Global test cases}{}% 28
\BOOKMARK [1][-]{section.9}{Models}{}% 29
\BOOKMARK [2][-]{subsection.9.1}{User stories}{section.9}% 30
\BOOKMARK [2][-]{subsection.9.2}{Object models}{section.9}% 31
\BOOKMARK [2][-]{subsection.9.3}{Dynamic models}{section.9}% 32
\BOOKMARK [2][-]{subsection.9.4}{Web interfaces}{section.9}% 33
\BOOKMARK [1][-]{section.10}{Glossary}{}% 34
